<?xml version="1.0" encoding="UTF-8"?>
<testsuite xmlns:xsi="http://www.w3.org/2001/XMLSchema-instance" xsi:noNamespaceSchemaLocation="https://maven.apache.org/surefire/maven-surefire-plugin/xsd/surefire-test-report.xsd" name="com.safewoman.service.UserServiceTest" time="2.862" tests="1" errors="1" skipped="0" failures="0">
  <properties>
[...]
</properties>
  <testcase name="createNewUser" classname="com.safewoman.service.UserServiceTest" time="0.097">
    <error message="Unrecognized field &quot;id&quot; (class com.safewoman.entities.User), not marked as ignorable (13 known properties: &quot;gender&quot;, &quot;userId&quot;, &quot;profiles&quot;, &quot;name&quot;, &quot;creationDate&quot;, &quot;phone&quot;, &quot;username&quot;, &quot;socialName&quot;, &quot;cpf&quot;, &quot;password&quot;, &quot;email&quot;, &quot;age&quot;, &quot;city&quot;])&#10; at [Source: (String)&quot;{&#10;  &quot;id&quot;: null,&#10;  &quot;socialName&quot;: null,&#10;  &quot;name&quot;: &quot;Yasmin&quot;,&#10;  &quot;age&quot;: 19,&#10;  &quot;phone&quot;: &quot;41999&quot;,&#10;  &quot;email&quot;: &quot;yas@mail.com&quot;,&#10;  &quot;gender&quot;: &quot;Female&quot;,&#10;  &quot;city&quot;: &quot;Curitiba&quot;,&#10;  &quot;cpf&quot;: &quot;12414049190&quot;,&#10;  &quot;password&quot;: &quot;123&quot;,&#10;  &quot;username&quot;: &quot;yasminwz&quot;,&#10;  &quot;profiles&quot;: [],&#10;  &quot;creationDate&quot;: [&#10;    2022,&#10;    6,&#10;    29&#10;  ]&#10;}&#10;&quot;; line: 2, column: 13] (through reference chain: com.safewoman.entities.User[&quot;id&quot;])" type="com.fasterxml.jackson.databind.exc.UnrecognizedPropertyException">com.fasterxml.jackson.databind.exc.UnrecognizedPropertyException: 
Unrecognized field "id" (class com.safewoman.entities.User), not marked as ignorable (13 known properties: "gender", "userId", "profiles", "name", "creationDate", "phone", "username", "socialName", "cpf", "password", "email", "age", "city"])
 at [Source: (String)"{
  "id": null,
  "socialName": null,
  "name": "Yasmin",
  "age": 19,
  "phone": "41999",
  "email": "yas@mail.com",
  "gender": "Female",
  "city": "Curitiba",
  "cpf": "12414049190",
  "password": "123",
  "username": "yasminwz",
  "profiles": [],
  "creationDate": [
    2022,
    6,
    29
  ]
}
"; line: 2, column: 13] (through reference chain: com.safewoman.entities.User["id"])
	at com.safewoman.service.UserServiceTest.createNewUser(UserServiceTest.java:35)
</error>
    <system-out><![CDATA[2022-07-05 12:20:46.405  INFO 21569 --- [           main] .b.t.c.SpringBootTestContextBootstrapper : Neither @ContextConfiguration nor @ContextHierarchy found for test class [com.safewoman.service.UserServiceTest], using SpringBootContextLoader
2022-07-05 12:20:46.406  INFO 21569 --- [           main] o.s.t.c.support.AbstractContextLoader    : Could not detect default resource locations for test class [com.safewoman.service.UserServiceTest]: no resource found for suffixes {-context.xml, Context.groovy}.
2022-07-05 12:20:46.406  INFO 21569 --- [           main] t.c.s.AnnotationConfigContextLoaderUtils : Could not detect default configuration classes for test class [com.safewoman.service.UserServiceTest]: UserServiceTest does not declare any static, non-private, non-final, nested classes annotated with @Configuration.
2022-07-05 12:20:46.414  INFO 21569 --- [           main] .b.t.c.SpringBootTestContextBootstrapper : Found @SpringBootConfiguration com.safewoman.SafewomanApplication for test class com.safewoman.service.UserServiceTest
2022-07-05 12:20:46.418  INFO 21569 --- [           main] .b.t.c.SpringBootTestContextBootstrapper : Loaded default TestExecutionListener class names from location [META-INF/spring.factories]: [org.springframework.boot.test.mock.mockito.MockitoTestExecutionListener, org.springframework.boot.test.mock.mockito.ResetMocksTestExecutionListener, org.springframework.boot.test.autoconfigure.restdocs.RestDocsTestExecutionListener, org.springframework.boot.test.autoconfigure.web.client.MockRestServiceServerResetTestExecutionListener, org.springframework.boot.test.autoconfigure.web.servlet.MockMvcPrintOnlyOnFailureTestExecutionListener, org.springframework.boot.test.autoconfigure.web.servlet.WebDriverTestExecutionListener, org.springframework.boot.test.autoconfigure.webservices.client.MockWebServiceServerTestExecutionListener, org.springframework.test.context.web.ServletTestExecutionListener, org.springframework.test.context.support.DirtiesContextBeforeModesTestExecutionListener, org.springframework.test.context.event.ApplicationEventsTestExecutionListener, org.springframework.test.context.support.DependencyInjectionTestExecutionListener, org.springframework.test.context.support.DirtiesContextTestExecutionListener, org.springframework.test.context.transaction.TransactionalTestExecutionListener, org.springframework.test.context.jdbc.SqlScriptsTestExecutionListener, org.springframework.test.context.event.EventPublishingTestExecutionListener]
2022-07-05 12:20:46.419  INFO 21569 --- [           main] .b.t.c.SpringBootTestContextBootstrapper : Using TestExecutionListeners: [org.springframework.test.context.web.ServletTestExecutionListener@68a1bb31, org.springframework.test.context.support.DirtiesContextBeforeModesTestExecutionListener@344f4a82, org.springframework.test.context.event.ApplicationEventsTestExecutionListener@1ecbb787, org.springframework.boot.test.mock.mockito.MockitoTestExecutionListener@6441cff1, org.springframework.boot.test.autoconfigure.SpringBootDependencyInjectionTestExecutionListener@1dc987b, org.springframework.test.context.support.DirtiesContextTestExecutionListener@4f09d998, org.springframework.test.context.transaction.TransactionalTestExecutionListener@cbd3871, org.springframework.test.context.jdbc.SqlScriptsTestExecutionListener@66694050, org.springframework.test.context.event.EventPublishingTestExecutionListener@39303a6, org.springframework.boot.test.mock.mockito.ResetMocksTestExecutionListener@2d7df55, org.springframework.boot.test.autoconfigure.restdocs.RestDocsTestExecutionListener@674c01ce, org.springframework.boot.test.autoconfigure.web.client.MockRestServiceServerResetTestExecutionListener@4b8ba6b7, org.springframework.boot.test.autoconfigure.web.servlet.MockMvcPrintOnlyOnFailureTestExecutionListener@509e0253, org.springframework.boot.test.autoconfigure.web.servlet.WebDriverTestExecutionListener@6c8f5262, org.springframework.boot.test.autoconfigure.webservices.client.MockWebServiceServerTestExecutionListener@6bca6c4c]

  .   ____          _            __ _ _
 /\\ / ___'_ __ _ _(_)_ __  __ _ \ \ \ \
( ( )\___ | '_ | '_| | '_ \/ _` | \ \ \ \
 \\/  ___)| |_)| | | | | || (_| |  ) ) ) )
  '  |____| .__|_| |_|_| |_\__, | / / / /
 =========|_|==============|___/=/_/_/_/
 :: Spring Boot ::                (v2.6.5)

2022-07-05 12:20:46.457  INFO 21569 --- [           main] com.safewoman.service.UserServiceTest    : Starting UserServiceTest using Java 11.0.15 on CTNDELLGX4JQF3 with PID 21569 (started by yasmin in /home/yasmin/SafeWoman/backend)
2022-07-05 12:20:46.457  INFO 21569 --- [           main] com.safewoman.service.UserServiceTest    : The following 1 profile is active: "false"
2022-07-05 12:20:46.658  INFO 21569 --- [           main] .s.d.r.c.RepositoryConfigurationDelegate : Bootstrapping Spring Data JPA repositories in DEFAULT mode.
2022-07-05 12:20:46.670  INFO 21569 --- [           main] .s.d.r.c.RepositoryConfigurationDelegate : Finished Spring Data repository scanning in 11 ms. Found 2 JPA repository interfaces.
2022-07-05 12:20:47.040  INFO 21569 --- [           main] o.hibernate.jpa.internal.util.LogHelper  : HHH000204: Processing PersistenceUnitInfo [name: default]
2022-07-05 12:20:47.055  INFO 21569 --- [           main] com.zaxxer.hikari.HikariDataSource       : HikariPool-2 - Starting...
2022-07-05 12:20:47.112  INFO 21569 --- [           main] com.zaxxer.hikari.HikariDataSource       : HikariPool-2 - Start completed.
2022-07-05 12:20:47.113  INFO 21569 --- [           main] org.hibernate.dialect.Dialect            : HHH000400: Using dialect: org.hibernate.dialect.PostgreSQLDialect
Hibernate: alter table tb_reports drop constraint FK6s4v3gggx0e7124pcrwe1171i
Hibernate: drop table if exists tb_reports cascade
Hibernate: drop table if exists tb_users cascade
Hibernate: drop sequence if exists hibernate_sequence
Hibernate: create sequence hibernate_sequence start 1 increment 1
Hibernate: create table tb_reports (report_id int8 not null, alone boolean not null, city varchar(255), date varchar(255), hour varchar(255), neighborhood varchar(255), observation varchar(255), offense_location varchar(255), offense_type varchar(255), opening_date date, police_report boolean, police_solved boolean, state varchar(255), street varchar(255), suspect_particulars varchar(255), user_id int8, primary key (report_id))
Hibernate: create table tb_users (user_id int8 not null, age int4, city varchar(255), cpf varchar(255), creation_date date, email varchar(255), gender varchar(255), name varchar(255), password varchar(255), phone varchar(255), profiles int4, social_name varchar(255), username varchar(255), primary key (user_id))
Hibernate: alter table tb_users add constraint UK_of4vosklhlys549u3r1jtlgmh unique (cpf)
Hibernate: alter table tb_users add constraint UK_grd22228p1miaivbn9yg178pm unique (email)
Hibernate: alter table tb_reports add constraint FK6s4v3gggx0e7124pcrwe1171i foreign key (user_id) references tb_users
2022-07-05 12:20:47.701  INFO 21569 --- [           main] o.h.e.t.j.p.i.JtaPlatformInitiator       : HHH000490: Using JtaPlatform implementation: [org.hibernate.engine.transaction.jta.platform.internal.NoJtaPlatform]
2022-07-05 12:20:47.702  INFO 21569 --- [           main] j.LocalContainerEntityManagerFactoryBean : Initialized JPA EntityManagerFactory for persistence unit 'default'
2022-07-05 12:20:48.429  INFO 21569 --- [           main] o.s.s.web.DefaultSecurityFilterChain     : Will not secure any request
2022-07-05 12:20:49.192  INFO 21569 --- [           main] com.safewoman.service.UserServiceTest    : Started UserServiceTest in 2.771 seconds (JVM running for 16.565)
]]></system-out>
  </testcase>
</testsuite>